[2026-05-08T04:42:20Z] === ENRICH ITERATION 1 START | repo=RustCrypto/hashes sha=b5051e5a ===
[2026-05-08T04:42:20Z] [iter=1] PHASE START: enrich repo=RustCrypto/hashes sha=b5051e5a runlog=/home/runner/work/forx/forx/storage/aggregate/lsp/logs/b5051e5a-enrich-iter-001.log output=/home/runner/work/forx/forx/storage/aggregate/lsp/b5051e5a5e7dc86a6c27c1ec7a390744ebcfb97a.nq.gz
[2026-05-08T04:42:20Z] [iter=1] Step 1: Loading AST into disk-backed store mem_mb=77 MB
[2026-05-08T04:42:27Z] [iter=1] AST store loaded triples=717092 load_secs=6 mem_mb=786 MB
[2026-05-08T04:42:27Z] [iter=1] Step 2: Finding LSP targets mem_mb=786 MB
[2026-05-08T04:42:27Z] [iter=1] LSP targets found call_sites=4159 imports=197 extends=0 implements=90 secs=1
[2026-05-08T04:42:28Z] [iter=1] Step 2.7: Building position index (one-shot, shared across resolvers) mem_mb=786 MB
[2026-05-08T04:42:31Z] [iter=1] Position index built positions=44921 nodes_with_types=51565 secs=4 mem_mb=786 MB
[2026-05-08T04:42:31Z] [iter=1] Step 3: Starting LSP resolution mem_mb=786 MB already_completed_types=[] already_completed_files=0
[2026-05-08T04:42:31Z] [iter=1] Resolving target type target_type=call_site count=4159
[2026-05-08T04:44:22Z] [iter=1] HEARTBEAT target_type=call_site elapsed_min=2.0 files_done=1 resolved=1 errors=347 current=jh/src/compressor.rs
[2026-05-08T04:44:52Z] [iter=1] HEARTBEAT target_type=call_site elapsed_min=2.5 files_done=5 resolved=39 errors=433 current=sha2/src/sha256/soft.rs
[2026-05-08T04:45:29Z] [iter=1] HEARTBEAT target_type=call_site elapsed_min=3.1 files_done=11 resolved=108 errors=553 current=tiger/benches/mod.rs
[2026-05-08T04:45:59Z] [iter=1] HEARTBEAT target_type=call_site elapsed_min=3.6 files_done=15 resolved=261 errors=661 current=sha2/src/sha256/riscv_zknh/unroll.rs
[2026-05-08T04:46:35Z] [iter=1] HEARTBEAT target_type=call_site elapsed_min=4.2 files_done=20 resolved=334 errors=775 current=tiger/src/block_api.rs
[2026-05-08T04:47:05Z] [iter=1] HEARTBEAT target_type=call_site elapsed_min=4.7 files_done=24 resolved=392 errors=877 current=sm3/src/compress.rs
[2026-05-08T04:47:36Z] [iter=1] HEARTBEAT target_type=call_site elapsed_min=5.3 files_done=25 resolved=392 errors=989 current=sha1/src/block_api.rs
[2026-05-08T04:48:36Z] [iter=1] HEARTBEAT target_type=call_site elapsed_min=6.3 files_done=33 resolved=454 errors=1198 current=gost94/tests/mod.rs
[2026-05-08T04:49:21Z] [iter=1] HEARTBEAT target_type=call_site elapsed_min=7.0 files_done=40 resolved=504 errors=1361 current=md4/src/block_api.rs
[2026-05-08T04:49:54Z] [iter=1] HEARTBEAT target_type=call_site elapsed_min=7.6 files_done=56 resolved=680 errors=1464 current=groestl/src/compress_short.rs
[2026-05-08T04:50:30Z] [iter=1] HEARTBEAT target_type=call_site elapsed_min=8.2 files_done=70 resolved=769 errors=1589 current=blake2/src/simd/simd_opt/u64x4.rs
[2026-05-08T04:51:18Z] [iter=1] HEARTBEAT target_type=call_site elapsed_min=9.0 files_done=77 resolved=789 errors=1749 current=shabal/src/lib.rs
[2026-05-08T04:51:51Z] [iter=1] HEARTBEAT target_type=call_site elapsed_min=9.5 files_done=88 resolved=865 errors=1866 current=ripemd/src/c320.rs
[2026-05-08T04:52:21Z] [iter=1] HEARTBEAT target_type=call_site elapsed_min=10.0 files_done=100 resolved=902 errors=1912 current=jh/src/lib.rs
[2026-05-08T04:52:53Z] [iter=1] HEARTBEAT target_type=call_site elapsed_min=10.5 files_done=142 resolved=1030 errors=1947 current=md4/benches/mod.rs
[2026-05-08T04:52:56Z] [iter=1] Target type resolved target_type=call_site resolved=1052 errors=1957 secs=625 mem_mb=786 MB
[2026-05-08T04:52:56Z] [iter=1] Resolving target type target_type=import_statement count=197
[2026-05-08T04:53:23Z] [iter=1] HEARTBEAT target_type=import_statement elapsed_min=11.0 files_done=112 resolved=168 errors=0 current=blake2/src/lib.rs
[2026-05-08T04:53:39Z] [iter=1] Target type resolved target_type=import_statement resolved=178 errors=0 secs=42 mem_mb=786 MB
[2026-05-08T04:53:39Z] [iter=1] Resolving target type target_type=implements_clause count=90
[2026-05-08T04:53:52Z] [iter=1] Target type resolved target_type=implements_clause resolved=89 errors=0 secs=13 mem_mb=786 MB
[2026-05-08T04:55:12Z] [iter=1] Step 5: Writing final enrichment file triples=31072
[2026-05-08T04:55:13Z] [iter=1] Enrichment file written path=/home/runner/work/forx/forx/storage/aggregate/lsp/b5051e5a5e7dc86a6c27c1ec7a390744ebcfb97a.nq.gz size_kb=607
[2026-05-08T04:55:13Z] [iter=1] PHASE END: enrich elapsed_s=772 elapsed_min=12.9 total_triples=31072
